<?xml version="1.0" encoding="UTF-8"?>
<!-- Generated by org.testng.reporters.JUnitReportReporter -->
<testsuite skipped="0" hostname="DESKTOP-D2M4U6D" name="Test.TestSignIn" tests="1" failures="0" timestamp="2020-02-03T21:49:53 ART" time="48.068" errors="0">
  <testcase name="test" time="48.068" classname="Test.TestSignIn"/>
</testsuite> <!-- Test.TestSignIn -->
